<?xml version="1.0" encoding="UTF-8"?>
<!-- Generated by org.testng.reporters.JUnitReportReporter -->
<testsuite skipped="0" hostname="DESKTOP-J8LPIT" name="Practiseexcel.Extent" tests="1" failures="0" timestamp="02 Jun 2019 04:58:00 GMT" time="30.194" errors="0">
  <testcase name="extentReportsDemo" time="30.194" classname="Practiseexcel.Extent"/>
</testsuite> <!-- Practiseexcel.Extent -->
